<?xml version="1.0" encoding="UTF-8"?>
<testsuite xmlns:xsi="http://www.w3.org/2001/XMLSchema-instance" xsi:noNamespaceSchemaLocation="https://maven.apache.org/surefire/maven-surefire-plugin/xsd/surefire-test-report-3.0.xsd" version="3.0" name="com.calapp.TagTest" time="0.043" tests="2" errors="0" skipped="0" failures="0">
  <properties>
[...]
</properties>
  <testcase name="addEmp" classname="com.calapp.TagTest" time="0.021">
    <system-out><![CDATA[add emp test case runs ===dev
]]></system-out>
  </testcase>
  <testcase name="deleteEmp" classname="com.calapp.TagTest" time="0.001">
    <system-out><![CDATA[delete emp test case runs====dev 
]]></system-out>
  </testcase>
</testsuite>