<?xml version="1.0" encoding="UTF-8"?>
<testsuite xmlns:xsi="http://www.w3.org/2001/XMLSchema-instance" xsi:noNamespaceSchemaLocation="https://maven.apache.org/surefire/maven-surefire-plugin/xsd/surefire-test-report-3.0.xsd" version="3.0" name="com.demo.CRUDAppTest" time="0.016" tests="4" errors="0" skipped="0" failures="0">
  <properties>
[...]
</properties>
  <testcase name="deleteingData" classname="com.demo.CRUDAppTest" time="0.003">
    <system-out><![CDATA[delete all data
]]></system-out>
  </testcase>
  <testcase name="addData" classname="com.demo.CRUDAppTest" time="0.002">
    <system-out><![CDATA[add new data
]]></system-out>
  </testcase>
  <testcase name="updateData" classname="com.demo.CRUDAppTest" time="0.001">
    <system-out><![CDATA[update data
]]></system-out>
  </testcase>
  <testcase name="getAllData" classname="com.demo.CRUDAppTest" time="0.003">
    <system-out><![CDATA[get all data
]]></system-out>
  </testcase>
</testsuite>